<?xml version="1.0" encoding="UTF-8"?>
<testng-results skipped="0" failed="0" ignored="0" total="1" passed="1">
  <reporter-output>
  </reporter-output>
  <suite name="Default suite" duration-ms="11245" started-at="2019-02-02T12:42:59Z" finished-at="2019-02-02T12:43:10Z">
    <groups>
    </groups>
    <test name="Default test" duration-ms="11245" started-at="2019-02-02T12:42:59Z" finished-at="2019-02-02T12:43:10Z">
      <class name="Sample.Git">
        <test-method status="PASS" signature="middle()[pri:0, instance:Sample.Git@5419f379]" name="middle" is-config="true" duration-ms="9325" started-at="2019-02-02T12:42:59Z" finished-at="2019-02-02T12:43:08Z">
          <reporter-output>
          </reporter-output>
        </test-method> <!-- middle -->
        <test-method status="PASS" signature="test()[pri:0, instance:Sample.Git@5419f379]" name="test" duration-ms="1881" started-at="2019-02-02T12:43:08Z" finished-at="2019-02-02T12:43:10Z">
          <reporter-output>
          </reporter-output>
        </test-method> <!-- test -->
        <test-method status="PASS" signature="end()[pri:0, instance:Sample.Git@5419f379]" name="end" is-config="true" duration-ms="0" started-at="2019-02-02T12:43:10Z" finished-at="2019-02-02T12:43:10Z">
          <reporter-output>
          </reporter-output>
        </test-method> <!-- end -->
      </class> <!-- Sample.Git -->
    </test> <!-- Default test -->
  </suite> <!-- Default suite -->
</testng-results>
